{"/home/user/00-MN/projects/forks/ci/src/comments.js": {"path":"/home/user/00-MN/projects/forks/ci/src/comments.js","statementMap":{"0":{"start":{"line":1,"column":15},"end":{"line":1,"column":34}},"1":{"start":{"line":2,"column":16},"end":{"line":2,"column":36}},"2":{"start":{"line":3,"column":15},"end":{"line":3,"column":34}},"3":{"start":{"line":4,"column":17},"end":{"line":4,"column":39}},"4":{"start":{"line":6,"column":17},"end":{"line":15,"column":1}},"5":{"start":{"line":7,"column":2},"end":{"line":9,"column":3}},"6":{"start":{"line":8,"column":4},"end":{"line":8,"column":76}},"7":{"start":{"line":10,"column":2},"end":{"line":14,"column":5}},"8":{"start":{"line":17,"column":25},"end":{"line":22,"column":1}},"9":{"start":{"line":18,"column":25},"end":{"line":20,"column":55}},"10":{"start":{"line":19,"column":19},"end":{"line":19,"column":47}},"11":{"start":{"line":20,"column":19},"end":{"line":20,"column":54}},"12":{"start":{"line":21,"column":2},"end":{"line":21,"column":62}},"13":{"start":{"line":24,"column":28},"end":{"line":32,"column":1}},"14":{"start":{"line":25,"column":18},"end":{"line":30,"column":4}},"15":{"start":{"line":31,"column":2},"end":{"line":31,"column":22}},"16":{"start":{"line":34,"column":27},"end":{"line":40,"column":1}},"17":{"start":{"line":35,"column":19},"end":{"line":35,"column":54}},"18":{"start":{"line":36,"column":2},"end":{"line":39,"column":3}},"19":{"start":{"line":37,"column":27},"end":{"line":37,"column":72}},"20":{"start":{"line":38,"column":4},"end":{"line":38,"column":82}},"21":{"start":{"line":42,"column":25},"end":{"line":52,"column":1}},"22":{"start":{"line":43,"column":29},"end":{"line":43,"column":31}},"23":{"start":{"line":44,"column":20},"end":{"line":44,"column":64}},"24":{"start":{"line":45,"column":2},"end":{"line":50,"column":3}},"25":{"start":{"line":46,"column":4},"end":{"line":49,"column":7}},"26":{"start":{"line":51,"column":2},"end":{"line":51,"column":28}},"27":{"start":{"line":54,"column":28},"end":{"line":72,"column":1}},"28":{"start":{"line":55,"column":22},"end":{"line":55,"column":42}},"29":{"start":{"line":56,"column":22},"end":{"line":56,"column":46}},"30":{"start":{"line":57,"column":2},"end":{"line":63,"column":3}},"31":{"start":{"line":58,"column":4},"end":{"line":58,"column":48}},"32":{"start":{"line":59,"column":9},"end":{"line":63,"column":3}},"33":{"start":{"line":60,"column":4},"end":{"line":62,"column":6}},"34":{"start":{"line":64,"column":15},"end":{"line":64,"column":36}},"35":{"start":{"line":65,"column":20},"end":{"line":65,"column":60}},"36":{"start":{"line":66,"column":2},"end":{"line":71,"column":5}},"37":{"start":{"line":74,"column":0},"end":{"line":78,"column":2}}},"fnMap":{"0":{"name":"(anonymous_0)","decl":{"start":{"line":6,"column":17},"end":{"line":6,"column":18}},"loc":{"start":{"line":6,"column":29},"end":{"line":15,"column":1}},"line":6},"1":{"name":"(anonymous_1)","decl":{"start":{"line":17,"column":25},"end":{"line":17,"column":26}},"loc":{"start":{"line":17,"column":37},"end":{"line":22,"column":1}},"line":17},"2":{"name":"(anonymous_2)","decl":{"start":{"line":19,"column":12},"end":{"line":19,"column":13}},"loc":{"start":{"line":19,"column":19},"end":{"line":19,"column":47}},"line":19},"3":{"name":"(anonymous_3)","decl":{"start":{"line":20,"column":12},"end":{"line":20,"column":13}},"loc":{"start":{"line":20,"column":19},"end":{"line":20,"column":54}},"line":20},"4":{"name":"(anonymous_4)","decl":{"start":{"line":24,"column":28},"end":{"line":24,"column":29}},"loc":{"start":{"line":24,"column":40},"end":{"line":32,"column":1}},"line":24},"5":{"name":"(anonymous_5)","decl":{"start":{"line":34,"column":27},"end":{"line":34,"column":28}},"loc":{"start":{"line":34,"column":67},"end":{"line":40,"column":1}},"line":34},"6":{"name":"(anonymous_6)","decl":{"start":{"line":42,"column":25},"end":{"line":42,"column":26}},"loc":{"start":{"line":42,"column":37},"end":{"line":52,"column":1}},"line":42},"7":{"name":"(anonymous_7)","decl":{"start":{"line":54,"column":28},"end":{"line":54,"column":29}},"loc":{"start":{"line":54,"column":56},"end":{"line":72,"column":1}},"line":54}},"branchMap":{"0":{"loc":{"start":{"line":7,"column":2},"end":{"line":9,"column":3}},"type":"if","locations":[{"start":{"line":7,"column":2},"end":{"line":9,"column":3}},{"start":{},"end":{}}],"line":7},"1":{"loc":{"start":{"line":21,"column":9},"end":{"line":21,"column":61}},"type":"cond-expr","locations":[{"start":{"line":21,"column":37},"end":{"line":21,"column":54}},{"start":{"line":21,"column":57},"end":{"line":21,"column":61}}],"line":21},"2":{"loc":{"start":{"line":36,"column":2},"end":{"line":39,"column":3}},"type":"if","locations":[{"start":{"line":36,"column":2},"end":{"line":39,"column":3}},{"start":{},"end":{}}],"line":36},"3":{"loc":{"start":{"line":36,"column":6},"end":{"line":36,"column":95}},"type":"binary-expr","locations":[{"start":{"line":36,"column":6},"end":{"line":36,"column":14}},{"start":{"line":36,"column":18},"end":{"line":36,"column":32}},{"start":{"line":36,"column":36},"end":{"line":36,"column":95}}],"line":36},"4":{"loc":{"start":{"line":44,"column":20},"end":{"line":44,"column":64}},"type":"binary-expr","locations":[{"start":{"line":44,"column":20},"end":{"line":44,"column":58}},{"start":{"line":44,"column":62},"end":{"line":44,"column":64}}],"line":44},"5":{"loc":{"start":{"line":54,"column":35},"end":{"line":54,"column":51}},"type":"default-arg","locations":[{"start":{"line":54,"column":46},"end":{"line":54,"column":51}}],"line":54},"6":{"loc":{"start":{"line":57,"column":2},"end":{"line":63,"column":3}},"type":"if","locations":[{"start":{"line":57,"column":2},"end":{"line":63,"column":3}},{"start":{"line":59,"column":9},"end":{"line":63,"column":3}}],"line":57},"7":{"loc":{"start":{"line":59,"column":9},"end":{"line":63,"column":3}},"type":"if","locations":[{"start":{"line":59,"column":9},"end":{"line":63,"column":3}},{"start":{},"end":{}}],"line":59},"8":{"loc":{"start":{"line":65,"column":20},"end":{"line":65,"column":60}},"type":"cond-expr","locations":[{"start":{"line":65,"column":31},"end":{"line":65,"column":33}},{"start":{"line":65,"column":36},"end":{"line":65,"column":60}}],"line":65}},"s":{"0":2,"1":2,"2":2,"3":2,"4":2,"5":2,"6":0,"7":2,"8":2,"9":2,"10":8,"11":4,"12":2,"13":2,"14":0,"15":0,"16":2,"17":1,"18":1,"19":0,"20":0,"21":2,"22":1,"23":1,"24":1,"25":3,"26":1,"27":2,"28":1,"29":1,"30":1,"31":0,"32":1,"33":0,"34":1,"35":1,"36":1,"37":2},"f":{"0":2,"1":2,"2":8,"3":4,"4":0,"5":1,"6":1,"7":1},"b":{"0":[0,2],"1":[2,0],"2":[0,1],"3":[1,1,0],"4":[1,0],"5":[1],"6":[0,1],"7":[0,1],"8":[0,1]},"_coverageSchema":"1a1c01bbd47fc00a2c39e90264f33305004495a9","hash":"5f15c173d16e50cba4cbd81c484820a9ea34c51e"}
,"/home/user/00-MN/projects/forks/ci/src/config.js": {"path":"/home/user/00-MN/projects/forks/ci/src/config.js","statementMap":{"0":{"start":{"line":1,"column":30},"end":{"line":12,"column":1}},"1":{"start":{"line":14,"column":20},"end":{"line":20,"column":1}},"2":{"start":{"line":15,"column":22},"end":{"line":15,"column":38}},"3":{"start":{"line":16,"column":2},"end":{"line":18,"column":3}},"4":{"start":{"line":17,"column":4},"end":{"line":17,"column":70}},"5":{"start":{"line":19,"column":2},"end":{"line":19,"column":21}},"6":{"start":{"line":22,"column":36},"end":{"line":34,"column":1}},"7":{"start":{"line":23,"column":15},"end":{"line":23,"column":17}},"8":{"start":{"line":24,"column":2},"end":{"line":32,"column":5}},"9":{"start":{"line":25,"column":4},"end":{"line":31,"column":5}},"10":{"start":{"line":26,"column":20},"end":{"line":26,"column":34}},"11":{"start":{"line":27,"column":6},"end":{"line":29,"column":7}},"12":{"start":{"line":28,"column":8},"end":{"line":28,"column":88}},"13":{"start":{"line":30,"column":6},"end":{"line":30,"column":41}},"14":{"start":{"line":33,"column":2},"end":{"line":33,"column":14}},"15":{"start":{"line":36,"column":15},"end":{"line":44,"column":1}},"16":{"start":{"line":46,"column":0},"end":{"line":46,"column":24}}},"fnMap":{"0":{"name":"(anonymous_0)","decl":{"start":{"line":14,"column":20},"end":{"line":14,"column":21}},"loc":{"start":{"line":14,"column":43},"end":{"line":20,"column":1}},"line":14},"1":{"name":"(anonymous_1)","decl":{"start":{"line":22,"column":36},"end":{"line":22,"column":37}},"loc":{"start":{"line":22,"column":61},"end":{"line":34,"column":1}},"line":22},"2":{"name":"(anonymous_2)","decl":{"start":{"line":24,"column":24},"end":{"line":24,"column":25}},"loc":{"start":{"line":24,"column":33},"end":{"line":32,"column":3}},"line":24}},"branchMap":{"0":{"loc":{"start":{"line":14,"column":21},"end":{"line":14,"column":38}},"type":"default-arg","locations":[{"start":{"line":14,"column":27},"end":{"line":14,"column":38}}],"line":14},"1":{"loc":{"start":{"line":16,"column":2},"end":{"line":18,"column":3}},"type":"if","locations":[{"start":{"line":16,"column":2},"end":{"line":18,"column":3}},{"start":{},"end":{}}],"line":16},"2":{"loc":{"start":{"line":22,"column":37},"end":{"line":22,"column":56}},"type":"default-arg","locations":[{"start":{"line":22,"column":44},"end":{"line":22,"column":56}}],"line":22},"3":{"loc":{"start":{"line":25,"column":4},"end":{"line":31,"column":5}},"type":"if","locations":[{"start":{"line":25,"column":4},"end":{"line":31,"column":5}},{"start":{},"end":{}}],"line":25},"4":{"loc":{"start":{"line":27,"column":6},"end":{"line":29,"column":7}},"type":"if","locations":[{"start":{"line":27,"column":6},"end":{"line":29,"column":7}},{"start":{},"end":{}}],"line":27}},"s":{"0":7,"1":7,"2":9,"3":9,"4":1,"5":8,"6":7,"7":9,"8":9,"9":23,"10":16,"11":16,"12":1,"13":15,"14":8,"15":7,"16":7},"f":{"0":9,"1":9,"2":23},"b":{"0":[8],"1":[1,8],"2":[7],"3":[16,7],"4":[1,15]},"_coverageSchema":"1a1c01bbd47fc00a2c39e90264f33305004495a9","hash":"c1175a01a6a2607b085fe4868d1806fa8b68233b"}
,"/home/user/00-MN/projects/forks/ci/src/octokit.js": {"path":"/home/user/00-MN/projects/forks/ci/src/octokit.js","statementMap":{"0":{"start":{"line":1,"column":18},"end":{"line":1,"column":42}},"1":{"start":{"line":2,"column":15},"end":{"line":2,"column":34}},"2":{"start":{"line":4,"column":0},"end":{"line":6,"column":3}}},"fnMap":{},"branchMap":{},"s":{"0":5,"1":5,"2":5},"f":{},"b":{},"_coverageSchema":"1a1c01bbd47fc00a2c39e90264f33305004495a9","hash":"ac60b5bcafaaefbd25487c9af35314d951ae2b9f"}
,"/home/user/00-MN/projects/forks/ci/src/report.js": {"path":"/home/user/00-MN/projects/forks/ci/src/report.js","statementMap":{"0":{"start":{"line":1,"column":15},"end":{"line":1,"column":34}},"1":{"start":{"line":2,"column":15},"end":{"line":2,"column":53}},"2":{"start":{"line":4,"column":22},"end":{"line":10,"column":1}},"3":{"start":{"line":5,"column":23},"end":{"line":5,"column":117}},"4":{"start":{"line":5,"column":80},"end":{"line":5,"column":116}},"5":{"start":{"line":6,"column":2},"end":{"line":8,"column":3}},"6":{"start":{"line":7,"column":4},"end":{"line":7,"column":81}},"7":{"start":{"line":9,"column":2},"end":{"line":9,"column":12}},"8":{"start":{"line":12,"column":19},"end":{"line":20,"column":1}},"9":{"start":{"line":13,"column":12},"end":{"line":13,"column":38}},"10":{"start":{"line":14,"column":2},"end":{"line":18,"column":3}},"11":{"start":{"line":15,"column":4},"end":{"line":15,"column":72}},"12":{"start":{"line":16,"column":9},"end":{"line":18,"column":3}},"13":{"start":{"line":17,"column":4},"end":{"line":17,"column":19}},"14":{"start":{"line":19,"column":2},"end":{"line":19,"column":13}},"15":{"start":{"line":22,"column":24},"end":{"line":30,"column":1}},"16":{"start":{"line":22,"column":36},"end":{"line":30,"column":1}},"17":{"start":{"line":32,"column":17},"end":{"line":59,"column":1}},"18":{"start":{"line":33,"column":19},"end":{"line":36,"column":3}},"19":{"start":{"line":37,"column":25},"end":{"line":37,"column":85}},"20":{"start":{"line":37,"column":51},"end":{"line":37,"column":84}},"21":{"start":{"line":38,"column":2},"end":{"line":38,"column":74}},"22":{"start":{"line":38,"column":38},"end":{"line":38,"column":72}},"23":{"start":{"line":39,"column":2},"end":{"line":39,"column":100}},"24":{"start":{"line":39,"column":28},"end":{"line":39,"column":61}},"25":{"start":{"line":39,"column":76},"end":{"line":39,"column":98}},"26":{"start":{"line":40,"column":2},"end":{"line":58,"column":6}},"27":{"start":{"line":49,"column":30},"end":{"line":49,"column":83}},"28":{"start":{"line":61,"column":0},"end":{"line":65,"column":2}}},"fnMap":{"0":{"name":"(anonymous_0)","decl":{"start":{"line":4,"column":22},"end":{"line":4,"column":23}},"loc":{"start":{"line":4,"column":41},"end":{"line":10,"column":1}},"line":4},"1":{"name":"(anonymous_1)","decl":{"start":{"line":5,"column":70},"end":{"line":5,"column":71}},"loc":{"start":{"line":5,"column":80},"end":{"line":5,"column":116}},"line":5},"2":{"name":"(anonymous_2)","decl":{"start":{"line":12,"column":19},"end":{"line":12,"column":20}},"loc":{"start":{"line":12,"column":30},"end":{"line":20,"column":1}},"line":12},"3":{"name":"(anonymous_3)","decl":{"start":{"line":22,"column":24},"end":{"line":22,"column":25}},"loc":{"start":{"line":22,"column":36},"end":{"line":30,"column":1}},"line":22},"4":{"name":"(anonymous_4)","decl":{"start":{"line":32,"column":17},"end":{"line":32,"column":18}},"loc":{"start":{"line":32,"column":71},"end":{"line":59,"column":1}},"line":32},"5":{"name":"(anonymous_5)","decl":{"start":{"line":37,"column":42},"end":{"line":37,"column":43}},"loc":{"start":{"line":37,"column":51},"end":{"line":37,"column":84}},"line":37},"6":{"name":"(anonymous_6)","decl":{"start":{"line":38,"column":22},"end":{"line":38,"column":23}},"loc":{"start":{"line":38,"column":38},"end":{"line":38,"column":72}},"line":38},"7":{"name":"(anonymous_7)","decl":{"start":{"line":39,"column":19},"end":{"line":39,"column":20}},"loc":{"start":{"line":39,"column":28},"end":{"line":39,"column":61}},"line":39},"8":{"name":"(anonymous_8)","decl":{"start":{"line":39,"column":71},"end":{"line":39,"column":72}},"loc":{"start":{"line":39,"column":76},"end":{"line":39,"column":98}},"line":39},"9":{"name":"(anonymous_9)","decl":{"start":{"line":49,"column":21},"end":{"line":49,"column":22}},"loc":{"start":{"line":49,"column":30},"end":{"line":49,"column":83}},"line":49}},"branchMap":{"0":{"loc":{"start":{"line":5,"column":24},"end":{"line":5,"column":49}},"type":"binary-expr","locations":[{"start":{"line":5,"column":24},"end":{"line":5,"column":43}},{"start":{"line":5,"column":47},"end":{"line":5,"column":49}}],"line":5},"1":{"loc":{"start":{"line":6,"column":2},"end":{"line":8,"column":3}},"type":"if","locations":[{"start":{"line":6,"column":2},"end":{"line":8,"column":3}},{"start":{},"end":{}}],"line":6},"2":{"loc":{"start":{"line":14,"column":2},"end":{"line":18,"column":3}},"type":"if","locations":[{"start":{"line":14,"column":2},"end":{"line":18,"column":3}},{"start":{"line":16,"column":9},"end":{"line":18,"column":3}}],"line":14},"3":{"loc":{"start":{"line":15,"column":10},"end":{"line":15,"column":71}},"type":"cond-expr","locations":[{"start":{"line":15,"column":43},"end":{"line":15,"column":63}},{"start":{"line":15,"column":66},"end":{"line":15,"column":71}}],"line":15},"4":{"loc":{"start":{"line":16,"column":9},"end":{"line":18,"column":3}},"type":"if","locations":[{"start":{"line":16,"column":9},"end":{"line":18,"column":3}},{"start":{},"end":{}}],"line":16},"5":{"loc":{"start":{"line":24,"column":13},"end":{"line":24,"column":79}},"type":"cond-expr","locations":[{"start":{"line":24,"column":51},"end":{"line":24,"column":71}},{"start":{"line":24,"column":74},"end":{"line":24,"column":79}}],"line":24},"6":{"loc":{"start":{"line":32,"column":49},"end":{"line":32,"column":65}},"type":"default-arg","locations":[{"start":{"line":32,"column":60},"end":{"line":32,"column":65}}],"line":32},"7":{"loc":{"start":{"line":48,"column":76},"end":{"line":48,"column":115}},"type":"cond-expr","locations":[{"start":{"line":48,"column":87},"end":{"line":48,"column":89}},{"start":{"line":48,"column":92},"end":{"line":48,"column":115}}],"line":48}},"s":{"0":3,"1":3,"2":3,"3":2,"4":5,"5":2,"6":1,"7":1,"8":3,"9":12,"10":12,"11":6,"12":6,"13":2,"14":12,"15":3,"16":4,"17":3,"18":2,"19":2,"20":10,"21":2,"22":12,"23":2,"24":10,"25":2,"26":2,"27":10,"28":3},"f":{"0":2,"1":5,"2":12,"3":4,"4":2,"5":10,"6":12,"7":10,"8":2,"9":10},"b":{"0":[2,0],"1":[1,1],"2":[6,6],"3":[4,2],"4":[2,4],"5":[4,0],"6":[1],"7":[0,2]},"_coverageSchema":"1a1c01bbd47fc00a2c39e90264f33305004495a9","hash":"0f216a741c251910a774aa83c0f4043474f9cdab"}
,"/home/user/00-MN/projects/forks/ci/src/workflows.js": {"path":"/home/user/00-MN/projects/forks/ci/src/workflows.js","statementMap":{"0":{"start":{"line":1,"column":15},"end":{"line":1,"column":33}},"1":{"start":{"line":2,"column":15},"end":{"line":2,"column":34}},"2":{"start":{"line":3,"column":16},"end":{"line":3,"column":36}},"3":{"start":{"line":5,"column":26},"end":{"line":10,"column":4}},"4":{"start":{"line":6,"column":2},"end":{"line":10,"column":4}},"5":{"start":{"line":12,"column":23},"end":{"line":19,"column":1}},"6":{"start":{"line":13,"column":19},"end":{"line":17,"column":4}},"7":{"start":{"line":18,"column":2},"end":{"line":18,"column":23}},"8":{"start":{"line":21,"column":12},"end":{"line":21,"column":46}},"9":{"start":{"line":21,"column":18},"end":{"line":21,"column":46}},"10":{"start":{"line":23,"column":13},"end":{"line":30,"column":1}},"11":{"start":{"line":24,"column":14},"end":{"line":28,"column":4}},"12":{"start":{"line":29,"column":2},"end":{"line":29,"column":18}},"13":{"start":{"line":32,"column":18},"end":{"line":39,"column":1}},"14":{"start":{"line":33,"column":14},"end":{"line":37,"column":4}},"15":{"start":{"line":38,"column":2},"end":{"line":38,"column":18}},"16":{"start":{"line":41,"column":28},"end":{"line":49,"column":1}},"17":{"start":{"line":42,"column":14},"end":{"line":47,"column":4}},"18":{"start":{"line":48,"column":2},"end":{"line":48,"column":17}},"19":{"start":{"line":51,"column":25},"end":{"line":56,"column":1}},"20":{"start":{"line":52,"column":14},"end":{"line":52,"column":72}},"21":{"start":{"line":53,"column":14},"end":{"line":53,"column":47}},"22":{"start":{"line":54,"column":19},"end":{"line":54,"column":86}},"23":{"start":{"line":54,"column":46},"end":{"line":54,"column":85}},"24":{"start":{"line":55,"column":2},"end":{"line":55,"column":61}},"25":{"start":{"line":58,"column":0},"end":{"line":65,"column":2}}},"fnMap":{"0":{"name":"(anonymous_0)","decl":{"start":{"line":5,"column":26},"end":{"line":5,"column":27}},"loc":{"start":{"line":6,"column":2},"end":{"line":10,"column":4}},"line":6},"1":{"name":"(anonymous_1)","decl":{"start":{"line":12,"column":23},"end":{"line":12,"column":24}},"loc":{"start":{"line":12,"column":40},"end":{"line":19,"column":1}},"line":12},"2":{"name":"(anonymous_2)","decl":{"start":{"line":21,"column":12},"end":{"line":21,"column":13}},"loc":{"start":{"line":21,"column":18},"end":{"line":21,"column":46}},"line":21},"3":{"name":"(anonymous_3)","decl":{"start":{"line":23,"column":13},"end":{"line":23,"column":14}},"loc":{"start":{"line":23,"column":25},"end":{"line":30,"column":1}},"line":23},"4":{"name":"(anonymous_4)","decl":{"start":{"line":32,"column":18},"end":{"line":32,"column":19}},"loc":{"start":{"line":32,"column":30},"end":{"line":39,"column":1}},"line":32},"5":{"name":"(anonymous_5)","decl":{"start":{"line":41,"column":28},"end":{"line":41,"column":29}},"loc":{"start":{"line":41,"column":46},"end":{"line":49,"column":1}},"line":41},"6":{"name":"(anonymous_6)","decl":{"start":{"line":51,"column":25},"end":{"line":51,"column":26}},"loc":{"start":{"line":51,"column":43},"end":{"line":56,"column":1}},"line":51},"7":{"name":"(anonymous_7)","decl":{"start":{"line":54,"column":41},"end":{"line":54,"column":42}},"loc":{"start":{"line":54,"column":46},"end":{"line":54,"column":85}},"line":54}},"branchMap":{"0":{"loc":{"start":{"line":55,"column":9},"end":{"line":55,"column":60}},"type":"cond-expr","locations":[{"start":{"line":55,"column":20},"end":{"line":55,"column":55}},{"start":{"line":55,"column":58},"end":{"line":55,"column":60}}],"line":55}},"s":{"0":5,"1":5,"2":5,"3":5,"4":1,"5":5,"6":1,"7":1,"8":5,"9":1,"10":5,"11":1,"12":1,"13":5,"14":2,"15":2,"16":5,"17":4,"18":4,"19":5,"20":4,"21":4,"22":4,"23":4,"24":4,"25":5},"f":{"0":1,"1":1,"2":1,"3":1,"4":2,"5":4,"6":4,"7":4},"b":{"0":[4,0]},"_coverageSchema":"1a1c01bbd47fc00a2c39e90264f33305004495a9","hash":"eef662fae265303f7795d74fed554b3167dd05b4"}
,"/home/user/00-MN/projects/forks/ci/tests/gh-api.data.js": {"path":"/home/user/00-MN/projects/forks/ci/tests/gh-api.data.js","statementMap":{"0":{"start":{"line":1,"column":11},"end":{"line":1,"column":24}},"1":{"start":{"line":2,"column":13},"end":{"line":2,"column":28}},"2":{"start":{"line":4,"column":39},"end":{"line":20,"column":2}},"3":{"start":{"line":4,"column":46},"end":{"line":20,"column":1}},"4":{"start":{"line":22,"column":31},"end":{"line":55,"column":2}},"5":{"start":{"line":22,"column":38},"end":{"line":55,"column":1}},"6":{"start":{"line":57,"column":32},"end":{"line":85,"column":2}},"7":{"start":{"line":57,"column":39},"end":{"line":85,"column":1}},"8":{"start":{"line":87,"column":25},"end":{"line":90,"column":2}},"9":{"start":{"line":87,"column":68},"end":{"line":90,"column":1}},"10":{"start":{"line":92,"column":21},"end":{"line":116,"column":2}},"11":{"start":{"line":92,"column":28},"end":{"line":116,"column":1}},"12":{"start":{"line":118,"column":20},"end":{"line":121,"column":2}},"13":{"start":{"line":118,"column":27},"end":{"line":121,"column":1}},"14":{"start":{"line":123,"column":0},"end":{"line":130,"column":1}}},"fnMap":{"0":{"name":"(anonymous_0)","decl":{"start":{"line":4,"column":39},"end":{"line":4,"column":40}},"loc":{"start":{"line":4,"column":46},"end":{"line":20,"column":1}},"line":4},"1":{"name":"(anonymous_1)","decl":{"start":{"line":22,"column":31},"end":{"line":22,"column":32}},"loc":{"start":{"line":22,"column":38},"end":{"line":55,"column":1}},"line":22},"2":{"name":"(anonymous_2)","decl":{"start":{"line":57,"column":32},"end":{"line":57,"column":33}},"loc":{"start":{"line":57,"column":39},"end":{"line":85,"column":1}},"line":57},"3":{"name":"(anonymous_3)","decl":{"start":{"line":87,"column":25},"end":{"line":87,"column":26}},"loc":{"start":{"line":87,"column":68},"end":{"line":90,"column":1}},"line":87},"4":{"name":"(anonymous_4)","decl":{"start":{"line":92,"column":21},"end":{"line":92,"column":22}},"loc":{"start":{"line":92,"column":28},"end":{"line":116,"column":1}},"line":92},"5":{"name":"(anonymous_5)","decl":{"start":{"line":118,"column":20},"end":{"line":118,"column":21}},"loc":{"start":{"line":118,"column":27},"end":{"line":121,"column":1}},"line":118}},"branchMap":{"0":{"loc":{"start":{"line":87,"column":27},"end":{"line":87,"column":61}},"type":"default-arg","locations":[{"start":{"line":87,"column":40},"end":{"line":87,"column":61}}],"line":87}},"s":{"0":3,"1":3,"2":3,"3":2,"4":3,"5":2,"6":3,"7":3,"8":3,"9":4,"10":3,"11":2,"12":3,"13":4,"14":3},"f":{"0":2,"1":2,"2":3,"3":4,"4":2,"5":4},"b":{"0":[0]},"_coverageSchema":"1a1c01bbd47fc00a2c39e90264f33305004495a9","hash":"d020dc0961401bd41cd0169e8ae40bda299e240b"}
}
