TN:
SF:src/comments.js
FN:6,(anonymous_0)
FN:17,(anonymous_1)
FN:19,(anonymous_2)
FN:20,(anonymous_3)
FN:24,(anonymous_4)
FN:34,(anonymous_5)
FN:42,(anonymous_6)
FN:54,(anonymous_7)
FNF:8
FNH:7
FNDA:2,(anonymous_0)
FNDA:2,(anonymous_1)
FNDA:8,(anonymous_2)
FNDA:4,(anonymous_3)
FNDA:0,(anonymous_4)
FNDA:1,(anonymous_5)
FNDA:1,(anonymous_6)
FNDA:1,(anonymous_7)
DA:1,2
DA:2,2
DA:3,2
DA:4,2
DA:6,2
DA:7,2
DA:8,0
DA:10,2
DA:17,2
DA:18,2
DA:19,8
DA:20,4
DA:21,2
DA:24,2
DA:25,0
DA:31,0
DA:34,2
DA:35,1
DA:36,1
DA:37,0
DA:38,0
DA:42,2
DA:43,1
DA:44,1
DA:45,1
DA:46,3
DA:51,1
DA:54,2
DA:55,1
DA:56,1
DA:57,1
DA:58,0
DA:59,1
DA:60,0
DA:64,1
DA:65,1
DA:66,1
DA:74,2
LF:38
LH:31
BRDA:7,0,0,0
BRDA:7,0,1,2
BRDA:21,1,0,2
BRDA:21,1,1,0
BRDA:36,2,0,0
BRDA:36,2,1,1
BRDA:36,3,0,1
BRDA:36,3,1,1
BRDA:36,3,2,0
BRDA:44,4,0,1
BRDA:44,4,1,0
BRDA:54,5,0,1
BRDA:57,6,0,0
BRDA:57,6,1,1
BRDA:59,7,0,0
BRDA:59,7,1,1
BRDA:65,8,0,0
BRDA:65,8,1,1
BRF:18
BRH:10
end_of_record
TN:
SF:src/config.js
FN:14,(anonymous_0)
FN:22,(anonymous_1)
FN:24,(anonymous_2)
FNF:3
FNH:3
FNDA:9,(anonymous_0)
FNDA:9,(anonymous_1)
FNDA:23,(anonymous_2)
DA:1,7
DA:14,7
DA:15,9
DA:16,9
DA:17,1
DA:19,8
DA:22,7
DA:23,9
DA:24,9
DA:25,23
DA:26,16
DA:27,16
DA:28,1
DA:30,15
DA:33,8
DA:36,7
DA:46,7
LF:17
LH:17
BRDA:14,0,0,8
BRDA:16,1,0,1
BRDA:16,1,1,8
BRDA:22,2,0,7
BRDA:25,3,0,16
BRDA:25,3,1,7
BRDA:27,4,0,1
BRDA:27,4,1,15
BRF:8
BRH:8
end_of_record
TN:
SF:src/octokit.js
FNF:0
FNH:0
DA:1,5
DA:2,5
DA:4,5
LF:3
LH:3
BRF:0
BRH:0
end_of_record
TN:
SF:src/report.js
FN:4,(anonymous_0)
FN:5,(anonymous_1)
FN:12,(anonymous_2)
FN:22,(anonymous_3)
FN:32,(anonymous_4)
FN:37,(anonymous_5)
FN:38,(anonymous_6)
FN:39,(anonymous_7)
FN:39,(anonymous_8)
FN:49,(anonymous_9)
FNF:10
FNH:10
FNDA:2,(anonymous_0)
FNDA:5,(anonymous_1)
FNDA:12,(anonymous_2)
FNDA:4,(anonymous_3)
FNDA:2,(anonymous_4)
FNDA:10,(anonymous_5)
FNDA:12,(anonymous_6)
FNDA:10,(anonymous_7)
FNDA:2,(anonymous_8)
FNDA:10,(anonymous_9)
DA:1,3
DA:2,3
DA:4,3
DA:5,5
DA:6,2
DA:7,1
DA:9,1
DA:12,3
DA:13,12
DA:14,12
DA:15,6
DA:16,6
DA:17,2
DA:19,12
DA:22,4
DA:32,3
DA:33,2
DA:37,10
DA:38,12
DA:39,10
DA:40,2
DA:49,10
DA:61,3
LF:23
LH:23
BRDA:5,0,0,2
BRDA:5,0,1,0
BRDA:6,1,0,1
BRDA:6,1,1,1
BRDA:14,2,0,6
BRDA:14,2,1,6
BRDA:15,3,0,4
BRDA:15,3,1,2
BRDA:16,4,0,2
BRDA:16,4,1,4
BRDA:24,5,0,4
BRDA:24,5,1,0
BRDA:32,6,0,1
BRDA:48,7,0,0
BRDA:48,7,1,2
BRF:15
BRH:12
end_of_record
TN:
SF:src/workflows.js
FN:5,(anonymous_0)
FN:12,(anonymous_1)
FN:21,(anonymous_2)
FN:23,(anonymous_3)
FN:32,(anonymous_4)
FN:41,(anonymous_5)
FN:51,(anonymous_6)
FN:54,(anonymous_7)
FNF:8
FNH:8
FNDA:1,(anonymous_0)
FNDA:1,(anonymous_1)
FNDA:1,(anonymous_2)
FNDA:1,(anonymous_3)
FNDA:2,(anonymous_4)
FNDA:4,(anonymous_5)
FNDA:4,(anonymous_6)
FNDA:4,(anonymous_7)
DA:1,5
DA:2,5
DA:3,5
DA:5,5
DA:6,1
DA:12,5
DA:13,1
DA:18,1
DA:21,5
DA:23,5
DA:24,1
DA:29,1
DA:32,5
DA:33,2
DA:38,2
DA:41,5
DA:42,4
DA:48,4
DA:51,5
DA:52,4
DA:53,4
DA:54,4
DA:55,4
DA:58,5
LF:24
LH:24
BRDA:55,0,0,4
BRDA:55,0,1,0
BRF:2
BRH:1
end_of_record
TN:
SF:tests/gh-api.data.js
FN:4,(anonymous_0)
FN:22,(anonymous_1)
FN:57,(anonymous_2)
FN:87,(anonymous_3)
FN:92,(anonymous_4)
FN:118,(anonymous_5)
FNF:6
FNH:6
FNDA:2,(anonymous_0)
FNDA:2,(anonymous_1)
FNDA:3,(anonymous_2)
FNDA:4,(anonymous_3)
FNDA:2,(anonymous_4)
FNDA:4,(anonymous_5)
DA:1,3
DA:2,3
DA:4,3
DA:22,3
DA:57,3
DA:87,4
DA:92,3
DA:118,4
DA:123,3
LF:9
LH:9
BRDA:87,0,0,0
BRF:1
BRH:0
end_of_record
